This is pdfeTeX, Version 3.141592-1.21a-2.2 (Web2C 7.5.4) (format=pdflatex 2008.11.15)  6 DEC 2008 18:07
entering extended mode
\write18 enabled.
**growth.tex
(./growth.tex
LaTeX2e <2003/12/01>
Babel <v3.8d> and hyphenation patterns for american, french, german, ngerman, b
ahasa, basque, bulgarian, catalan, croatian, czech, danish, dutch, esperanto, e
stonian, finnish, greek, icelandic, irish, italian, latin, magyar, norsk, polis
h, portuges, romanian, russian, serbian, slovak, slovene, spanish, swedish, tur
kish, ukrainian, nohyphenation, loaded.
(/sw/share/texmf-dist/tex/latex/amscls/amsart.cls
Document Class: amsart 2004/08/06 v2.20
\linespacing=\dimen102
\normalparindent=\dimen103
\normaltopskip=\skip41
(/sw/share/texmf-dist/tex/latex/amsmath/amsmath.sty
Package: amsmath 2000/07/18 v2.13 AMS math features
\@mathmargin=\skip42

For additional information on amsmath, use the `?' option.
(/sw/share/texmf-dist/tex/latex/amsmath/amstext.sty
Package: amstext 2000/06/29 v2.01

(/sw/share/texmf-dist/tex/latex/amsmath/amsgen.sty
File: amsgen.sty 1999/11/30 v2.0
\@emptytoks=\toks14
\ex@=\dimen104
))
(/sw/share/texmf-dist/tex/latex/amsmath/amsbsy.sty
Package: amsbsy 1999/11/29 v1.2d
\pmbraise@=\dimen105
)
(/sw/share/texmf-dist/tex/latex/amsmath/amsopn.sty
Package: amsopn 1999/12/14 v2.01 operator names
)
\inf@bad=\count79
LaTeX Info: Redefining \frac on input line 211.
\uproot@=\count80
\leftroot@=\count81
LaTeX Info: Redefining \overline on input line 307.
\classnum@=\count82
\DOTSCASE@=\count83
LaTeX Info: Redefining \ldots on input line 379.
LaTeX Info: Redefining \dots on input line 382.
LaTeX Info: Redefining \cdots on input line 467.
\Mathstrutbox@=\box26
\strutbox@=\box27
\big@size=\dimen106
LaTeX Font Info:    Redeclaring font encoding OML on input line 567.
LaTeX Font Info:    Redeclaring font encoding OMS on input line 568.
\macc@depth=\count84
\c@MaxMatrixCols=\count85
\dotsspace@=\muskip10
\c@parentequation=\count86
\dspbrk@lvl=\count87
\tag@help=\toks15
\row@=\count88
\column@=\count89
\maxfields@=\count90
\andhelp@=\toks16
\eqnshift@=\dimen107
\alignsep@=\dimen108
\tagshift@=\dimen109
\tagwidth@=\dimen110
\totwidth@=\dimen111
\lineht@=\dimen112
\@envbody=\toks17
\multlinegap=\skip43
\multlinetaggap=\skip44
\mathdisplay@stack=\toks18
LaTeX Info: Redefining \[ on input line 2666.
LaTeX Info: Redefining \] on input line 2667.
)
LaTeX Font Info:    Try loading font information for U+msa on input line 407.

(/sw/share/texmf-dist/tex/latex/amsfonts/umsa.fd
File: umsa.fd 2002/01/19 v2.2g AMS font definitions
)
(/sw/share/texmf-dist/tex/latex/amsfonts/amsfonts.sty
Package: amsfonts 2001/10/25 v2.2f
\symAMSa=\mathgroup4
\symAMSb=\mathgroup5
LaTeX Font Info:    Overwriting math alphabet `\mathfrak' in version `bold'
(Font)                  U/euf/m/n --> U/euf/b/n on input line 132.
)
\copyins=\insert233
\abstractbox=\box28
\listisep=\skip45
\c@part=\count91
\c@section=\count92
\c@subsection=\count93
\c@subsubsection=\count94
\c@paragraph=\count95
\c@subparagraph=\count96
\c@figure=\count97
\c@table=\count98
\abovecaptionskip=\skip46
\belowcaptionskip=\skip47
\captionindent=\dimen113
\thm@style=\toks19
\thm@bodyfont=\toks20
\thm@headfont=\toks21
\thm@notefont=\toks22
\thm@headpunct=\toks23
\thm@preskip=\skip48
\thm@postskip=\skip49
\thm@headsep=\skip50
\dth@everypar=\toks24
)
(/sw/share/texmf-dist/tex/latex/geometry/geometry.sty
Package: geometry 2002/07/08 v3.2 Page Geometry

(/sw/share/texmf-dist/tex/latex/graphics/keyval.sty
Package: keyval 1999/03/16 v1.13 key=value parser (DPC)
\KV@toks@=\toks25
)
\Gm@cnth=\count99
\Gm@cntv=\count100
\c@Gm@tempcnt=\count101
\Gm@bindingoffset=\dimen114
\Gm@wd@mp=\dimen115
\Gm@odd@mp=\dimen116
\Gm@even@mp=\dimen117
\Gm@dimlist=\toks26

(/sw/share/texmf-dist/tex/latex/geometry/geometry.cfg)) (./growth.aux)
\openout1 = `growth.aux'.

LaTeX Font Info:    Checking defaults for OML/cmm/m/it on input line 14.
LaTeX Font Info:    ... okay on input line 14.
LaTeX Font Info:    Checking defaults for T1/cmr/m/n on input line 14.
LaTeX Font Info:    ... okay on input line 14.
LaTeX Font Info:    Checking defaults for OT1/cmr/m/n on input line 14.
LaTeX Font Info:    ... okay on input line 14.
LaTeX Font Info:    Checking defaults for OMS/cmsy/m/n on input line 14.
LaTeX Font Info:    ... okay on input line 14.
LaTeX Font Info:    Checking defaults for OMX/cmex/m/n on input line 14.
LaTeX Font Info:    ... okay on input line 14.
LaTeX Font Info:    Checking defaults for U/cmr/m/n on input line 14.
LaTeX Font Info:    ... okay on input line 14.
LaTeX Font Info:    Try loading font information for U+msa on input line 14.

(/sw/share/texmf-dist/tex/latex/amsfonts/umsa.fd
File: umsa.fd 2002/01/19 v2.2g AMS font definitions
)
LaTeX Font Info:    Try loading font information for U+msb on input line 14.

(/sw/share/texmf-dist/tex/latex/amsfonts/umsb.fd
File: umsb.fd 2002/01/19 v2.2g AMS font definitions
)
-------------------- Geometry parameters
paper: a4paper
landscape: --
twocolumn: --
twoside: true
asymmetric: --
h-parts: 71.70166pt, 0.7\paperwidth , 107.55254pt (default)
v-parts: 101.40665pt, 0.7\paperheight , 152.11pt (default)
hmarginratio: 2:3
vmarginratio: 2:3
lines: --
heightrounded: --
bindingoffset: 0.0pt
truedimen: --
includehead: --
includefoot: --
includemp: --
driver: pdftex
-------------------- Page layout dimensions and switches
\paperwidth  597.50787pt
\paperheight 845.04684pt
\textwidth  418.25368pt
\textheight 591.5302pt
\oddsidemargin  -0.56833pt
\evensidemargin 35.28255pt
\topmargin  7.13666pt
\headheight 8.0pt
\headsep    14.0pt
\footskip   12.0pt
\marginparwidth 90.0pt
\marginparsep   11.0pt
\columnsep  10.0pt
\skip\footins  7.0pt plus 11.0pt
\hoffset 0.0pt
\voffset 0.0pt
\mag 1000
\@twosidetrue \@mparswitchtrue 
(1in=72.27pt, 1cm=28.45pt)
-----------------------
 (./growth.toc)
\tf@toc=\write3
\openout3 = `growth.toc'.

 [1{/sw/var/lib/texmf/fonts/map/pdftex/updmap/pdftex.map}] [2] [3]
Overfull \hbox (47.69614pt too wide) detected at line 154
\OML/cmm/m/it/12 D[][] \OT1/cmr/m/n/12 = 4[][][](\OML/cmm/m/it/12 S[] \OMS/cmsy
/m/n/12 ^^@ [] []\OT1/cmr/m/n/12 ([][] \OMS/cmsy/m/n/12 ^^@ [][] \OT1/cmr/m/n/1
2 + [][])\OML/cmm/m/it/12 :
 []

[4] [5]
Overfull \hbox (63.62294pt too wide) detected at line 289
[] \OT1/cmr/m/n/12 = 2\OML/cmm/m/it/12 ^^YD[]D[][][]\OT1/cmr/m/n/12 ([] \OMS/cm
sy/m/n/12 ^^@ [] []\OT1/cmr/m/n/12 ([][] \OMS/cmsy/m/n/12 ^^@ [] \OT1/cmr/m/n/1
2 + []([])))\OML/cmm/m/it/12 :
 []


Overfull \hbox (47.16891pt too wide) detected at line 293
[] \OT1/cmr/m/n/12 = 2\OML/cmm/m/it/12 ^^YD[]D[][][]\OT1/cmr/m/n/12 ([] \OMS/cm
sy/m/n/12 ^^@ [] []\OT1/cmr/m/n/12 ([][] \OMS/cmsy/m/n/12 ^^@ [] \OT1/cmr/m/n/1
2 + []([])))\OML/cmm/m/it/12 :
 []

[6]
Overfull \hbox (65.37357pt too wide) detected at line 306
[] \OT1/cmr/m/n/12 = 2\OML/cmm/m/it/12 ^^YD[]D[][][]\OT1/cmr/m/n/12 ([] \OMS/cm
sy/m/n/12 ^^@ []\OT1/cmr/m/n/12 ([][] \OMS/cmsy/m/n/12 ^^@ []\OT1/cmr/m/n/12 )(
1 + [][][])\OML/cmm/m/it/12 :
 []


Overfull \hbox (40.74365pt too wide) in alignment at lines 319--324
 [][][] []
 []

[7] (./growth.aux)

LaTeX Warning: Label(s) may have changed. Rerun to get cross-references right.

 ) 
Here is how much of TeX's memory you used:
 1753 strings out of 94500
 20387 string characters out of 1176113
 79455 words of memory out of 1500000
 4784 multiletter control sequences out of 10000+50000
 11246 words of font info for 44 fonts, out of 1200000 for 2000
 741 hyphenation exceptions out of 8191
 34i,8n,31p,537b,238s stack positions out of 5000i,500n,6000p,200000b,5000s
PDF statistics:
 62 PDF objects out of 65536
 0 named destinations out of 20000
 1 words of extra memory for PDF output out of 65536
</sw/share/texmf-dist/fonts/type1/bluesky/cm/cmmi6.pfb></sw/share/texmf-dist/
fonts/type1/bluesky/cm/cmr8.pfb></sw/share/texmf-dist/fonts/type1/bluesky/cm/cm
r9.pfb></sw/share/texmf-dist/fonts/type1/bluesky/cm/cmti10.pfb></sw/share/texmf
-dist/fonts/type1/bluesky/cm/cmsy6.pfb></sw/share/texmf-dist/fonts/type1/bluesk
y/cm/cmsy8.pfb></sw/share/texmf-dist/fonts/type1/bluesky/cm/cmmi8.pfb></sw/shar
e/texmf-dist/fonts/type1/bluesky/cm/cmmi12.pfb></sw/share/texmf-dist/fonts/type
1/bluesky/cm/cmsy10.pfb></sw/share/texmf-dist/fonts/type1/bluesky/cm/cmr12.pfb>
</sw/share/texmf-dist/fonts/type1/bluesky/cm/cmcsc10.pfb></sw/share/texmf-dist/
fonts/type1/bluesky/cm/cmr10.pfb></sw/share/texmf-dist/fonts/type1/bluesky/cm/c
mbx12.pfb>
Output written on growth.pdf (7 pages, 105981 bytes).
