This is pdfeTeX, Version 3.141592-1.21a-2.2 (Web2C 7.5.4) (format=pdflatex 2008.11.15)  8 APR 2009 12:24
entering extended mode
\write18 enabled.
**kappa1.tex
(./kappa1.tex
LaTeX2e <2003/12/01>
Babel <v3.8d> and hyphenation patterns for american, french, german, ngerman, b
ahasa, basque, bulgarian, catalan, croatian, czech, danish, dutch, esperanto, e
stonian, finnish, greek, icelandic, irish, italian, latin, magyar, norsk, polis
h, portuges, romanian, russian, serbian, slovak, slovene, spanish, swedish, tur
kish, ukrainian, nohyphenation, loaded.
(/sw/share/texmf-dist/tex/latex/base/article.cls
Document Class: article 2004/02/16 v1.4f Standard LaTeX document class
(/sw/share/texmf-dist/tex/latex/base/size12.clo
File: size12.clo 2004/02/16 v1.4f Standard LaTeX file (size option)
)
\c@part=\count79
\c@section=\count80
\c@subsection=\count81
\c@subsubsection=\count82
\c@paragraph=\count83
\c@subparagraph=\count84
\c@figure=\count85
\c@table=\count86
\abovecaptionskip=\skip41
\belowcaptionskip=\skip42
\bibindent=\dimen102
)
(/sw/share/texmf-dist/tex/latex/geometry/geometry.sty
Package: geometry 2002/07/08 v3.2 Page Geometry

(/sw/share/texmf-dist/tex/latex/graphics/keyval.sty
Package: keyval 1999/03/16 v1.13 key=value parser (DPC)
\KV@toks@=\toks14
)
\Gm@cnth=\count87
\Gm@cntv=\count88
\c@Gm@tempcnt=\count89
\Gm@bindingoffset=\dimen103
\Gm@wd@mp=\dimen104
\Gm@odd@mp=\dimen105
\Gm@even@mp=\dimen106
\Gm@dimlist=\toks15

(/sw/share/texmf-dist/tex/latex/geometry/geometry.cfg)) (./kappa1.aux

LaTeX Warning: Label `eqn:28' multiply defined.


LaTeX Warning: Label `eqn:23' multiply defined.


LaTeX Warning: Label `eqn:23' multiply defined.


LaTeX Warning: Label `eqn:24' multiply defined.


LaTeX Warning: Label `eqn:25' multiply defined.


LaTeX Warning: Label `eqn:25' multiply defined.


LaTeX Warning: Label `eqn:26' multiply defined.


LaTeX Warning: Label `eqn:27' multiply defined.


LaTeX Warning: Label `eqn:28' multiply defined.


LaTeX Warning: Label `eqn:37' multiply defined.

)
\openout1 = `kappa1.aux'.

LaTeX Font Info:    Checking defaults for OML/cmm/m/it on input line 13.
LaTeX Font Info:    ... okay on input line 13.
LaTeX Font Info:    Checking defaults for T1/cmr/m/n on input line 13.
LaTeX Font Info:    ... okay on input line 13.
LaTeX Font Info:    Checking defaults for OT1/cmr/m/n on input line 13.
LaTeX Font Info:    ... okay on input line 13.
LaTeX Font Info:    Checking defaults for OMS/cmsy/m/n on input line 13.
LaTeX Font Info:    ... okay on input line 13.
LaTeX Font Info:    Checking defaults for OMX/cmex/m/n on input line 13.
LaTeX Font Info:    ... okay on input line 13.
LaTeX Font Info:    Checking defaults for U/cmr/m/n on input line 13.
LaTeX Font Info:    ... okay on input line 13.
-------------------- Geometry parameters
paper: a4paper
landscape: --
twocolumn: --
twoside: --
asymmetric: --
h-parts: 89.62709pt, 0.7\paperwidth , 89.6271pt (default)
v-parts: 101.40665pt, 0.7\paperheight , 152.11pt (default)
hmarginratio: 1:1
vmarginratio: 2:3
lines: --
heightrounded: --
bindingoffset: 0.0pt
truedimen: --
includehead: --
includefoot: --
includemp: --
driver: pdftex
-------------------- Page layout dimensions and switches
\paperwidth  597.50787pt
\paperheight 845.04684pt
\textwidth  418.25368pt
\textheight 591.5302pt
\oddsidemargin  17.3571pt
\evensidemargin 17.3571pt
\topmargin  -7.86334pt
\headheight 12.0pt
\headsep    25.0pt
\footskip   30.0pt
\marginparwidth 44.0pt
\marginparsep   10.0pt
\columnsep  10.0pt
\skip\footins  10.8pt plus 4.0pt minus 2.0pt
\hoffset 0.0pt
\voffset 0.0pt
\mag 1000

(1in=72.27pt, 1cm=28.45pt)
-----------------------
LaTeX Font Info:    External font `cmex10' loaded for size
(Font)              <14.4> on input line 15.
LaTeX Font Info:    External font `cmex10' loaded for size
(Font)              <7> on input line 15.
 (./kappa1.toc
LaTeX Font Info:    External font `cmex10' loaded for size
(Font)              <12> on input line 2.
LaTeX Font Info:    External font `cmex10' loaded for size
(Font)              <8> on input line 2.
LaTeX Font Info:    External font `cmex10' loaded for size
(Font)              <6> on input line 2.
 [1

{/sw/var/lib/texmf/fonts/map/pdftex/updmap/pdftex.map}])
\tf@toc=\write3
\openout3 = `kappa1.toc'.


[2] [3] [4]
Overfull \hbox (60.11633pt too wide) detected at line 168
[]\OML/cmm/m/it/12 D[][] \OT1/cmr/m/n/12 = 4[][][](\OML/cmm/m/it/12 S[] \OMS/cm
sy/m/n/12 ^^@ [] []\OT1/cmr/m/n/12 ([][] \OMS/cmsy/m/n/12 ^^@ [][] \OT1/cmr/m/n
/12 + [][])\OML/cmm/m/it/12 :
 []

[5]
LaTeX Font Info:    External font `cmex10' loaded for size
(Font)              <17.28> on input line 232.
 [6]
LaTeX Font Info:    Try loading font information for OMS+cmr on input line 303.

 (/sw/share/texmf-dist/tex/latex/base/omscmr.fd
File: omscmr.fd 1999/05/25 v2.5h Standard LaTeX font definitions
)
LaTeX Font Info:    Font shape `OMS/cmr/m/n' in size <12> not available
(Font)              Font shape `OMS/cmsy/m/n' tried instead on input line 303.
 [7] [8]
Overfull \hbox (23.2706pt too wide) detected at line 393
[]\OML/cmm/m/it/12 D[][] \OT1/cmr/m/n/12 = 4[][][][]\OML/cmm/m/it/12 S[] \OMS/c
msy/m/n/12 ^^@ \OT1/cmr/m/n/12 ([])[] []([][] + [][])[]\OML/cmm/m/it/12 :
 []

[9] [10] [11] [12] [13] [14] [15] [16] (./kappa1.aux)

LaTeX Warning: There were multiply-defined labels.

 )
(\end occurred inside a group at level 1)

### simple group (level 1) entered at line 624 ({)
### bottom level 
Here is how much of TeX's memory you used:
 680 strings out of 94500
 8633 string characters out of 1176113
 60559 words of memory out of 1500000
 3908 multiletter control sequences out of 10000+50000
 9423 words of font info for 33 fonts, out of 1200000 for 2000
 580 hyphenation exceptions out of 8191
 23i,6n,19p,552b,201s stack positions out of 5000i,500n,6000p,200000b,5000s
PDF statistics:
 87 PDF objects out of 65536
 0 named destinations out of 20000
 1 words of extra memory for PDF output out of 65536
</sw/share/texmf-dist/fonts/type1/bluesky/cm/cmmi6.pfb></sw/sha
re/texmf-dist/fonts/type1/bluesky/cm/cmr10.pfb></sw/share/texmf-dist/fonts/type
1/bluesky/cm/cmex10.pfb></sw/share/texmf-dist/fonts/type1/bluesky/cm/cmsy6.pfb>
</sw/share/texmf-dist/fonts/type1/bluesky/cm/cmsy10.pfb></sw/share/texmf-dist/f
onts/type1/bluesky/cm/cmsy8.pfb></sw/share/texmf-dist/fonts/type1/bluesky/cm/cm
mi8.pfb></sw/share/texmf-dist/fonts/type1/bluesky/cm/cmr8.pfb></sw/share/texmf-
dist/fonts/type1/bluesky/cm/cmmi12.pfb></sw/share/texmf-dist/fonts/type1/bluesk
y/cm/cmbx12.pfb></sw/share/texmf-dist/fonts/type1/bluesky/cm/cmr12.pfb></sw/sha
re/texmf-dist/fonts/type1/bluesky/cm/cmr17.pfb>
Output written on kappa1.pdf (16 pages, 116730 bytes).
